{
"C:\\WorkProj\\nodeTest\\lib\\fibonacci.js":{"path":"C:\\WorkProj\\nodeTest\\lib\\fibonacci.js","s":{"1":2,"2":214,"3":2,"4":212,"5":1,"6":211,"7":109,"8":102,"9":2,"10":2,"11":2},"b":{"1":[2,212],"2":[1,211],"3":[109,102],"4":[211,169]},"f":{"1":214,"2":2},"fnMap":{"1":{"name":"(anonymous_1)","line":10,"loc":{"start":{"line":10,"column":16},"end":{"line":10,"column":28}}},"2":{"name":"(anonymous_2)","line":28,"loc":{"start":{"line":28,"column":15},"end":{"line":28,"column":30}}}},"statementMap":{"1":{"start":{"line":10,"column":0},"end":{"line":24,"column":2}},"2":{"start":{"line":11,"column":2},"end":{"line":13,"column":3}},"3":{"start":{"line":12,"column":4},"end":{"line":12,"column":44}},"4":{"start":{"line":15,"column":2},"end":{"line":17,"column":3}},"5":{"start":{"line":16,"column":4},"end":{"line":16,"column":37}},"6":{"start":{"line":19,"column":2},"end":{"line":21,"column":3}},"7":{"start":{"line":20,"column":4},"end":{"line":20,"column":13}},"8":{"start":{"line":23,"column":2},"end":{"line":23,"column":41}},"9":{"start":{"line":26,"column":0},"end":{"line":26,"column":27}},"10":{"start":{"line":28,"column":0},"end":{"line":30,"column":2}},"11":{"start":{"line":29,"column":4},"end":{"line":29,"column":17}}},"branchMap":{"1":{"line":11,"type":"if","locations":[{"start":{"line":11,"column":2},"end":{"line":11,"column":2}},{"start":{"line":11,"column":2},"end":{"line":11,"column":2}}]},"2":{"line":15,"type":"if","locations":[{"start":{"line":15,"column":2},"end":{"line":15,"column":2}},{"start":{"line":15,"column":2},"end":{"line":15,"column":2}}]},"3":{"line":19,"type":"if","locations":[{"start":{"line":19,"column":2},"end":{"line":19,"column":2}},{"start":{"line":19,"column":2},"end":{"line":19,"column":2}}]},"4":{"line":19,"type":"binary-expr","locations":[{"start":{"line":19,"column":6},"end":{"line":19,"column":13}},{"start":{"line":19,"column":17},"end":{"line":19,"column":24}}]}},"l":{"10":2,"11":214,"12":2,"15":212,"16":1,"19":211,"20":109,"23":102,"26":2,"28":2,"29":2}}}
